<?xml version="1.0" encoding="UTF-8"?>
<!-- Generated by org.testng.reporters.JUnitXMLReporter -->
<testsuite ignored="1" hostname="LAPTOP-SANAMQNB" failures="0" tests="3" name="Default test" time="18.555" errors="0" timestamp="2025-07-15T21:49:22 AST">
  <testcase classname="Signup.MyTestCases" name="Signup" time="11.678"/>
  <testcase classname="Signup.MyTestCases" name="Logout" time="2.122"/>
  <testcase classname="Signup.MyTestCases" name="Login" time="2.334"/>
  <testcase classname="Signup.MyTestCases" name="AddtoCart" time="0.0">
    <ignored/>
  </testcase> <!-- AddtoCart -->
</testsuite> <!-- Default test -->
