<?xml version="1.0" encoding="UTF-8"?>
<!-- Generated by org.testng.reporters.JUnitXMLReporter -->
<testsuite ignored="3" hostname="LAPTOP-SANAMQNB" failures="0" tests="5" name="Default test" time="26.127" errors="0" timestamp="2025-07-09T00:38:01 AST">
  <testcase classname="Signup.MyTestCases" name="AddtoCart" time="4.324"/>
  <testcase classname="Signup.MyTestCases" name="AddtoCart" time="4.497"/>
  <testcase classname="Signup.MyTestCases" name="AddtoCart" time="5.463"/>
  <testcase classname="Signup.MyTestCases" name="AddtoCart" time="4.311"/>
  <testcase classname="Signup.MyTestCases" name="AddtoCart" time="4.969"/>
  <testcase classname="Signup.MyTestCases" name="Login" time="0.0">
    <ignored/>
  </testcase> <!-- Login -->
  <testcase classname="Signup.MyTestCases" name="Signup" time="0.0">
    <ignored/>
  </testcase> <!-- Signup -->
  <testcase classname="Signup.MyTestCases" name="Logout" time="0.0">
    <ignored/>
  </testcase> <!-- Logout -->
</testsuite> <!-- Default test -->
